<?xml version="1.0" encoding="UTF-8" ?>
<testsuites errors="1"
            failures="1"
            tests="1">

  <testsuite name="seller.SellerSmokeTests"
    errors="1" failures="1" hostname="" id="" package="seller" skipped="0"
    tests="1" time="12.07" timestamp="">
  
    <testcase name="stocks maze seller tests" classname="seller.SellerSmokeTests" time="6.036" assertions="2">

      <failure message="Testing if the page title contains &#39;Google&#39; in 5000ms - expected &#34;contains &#39;Google&#39;&#34; but got: &#34;&#34; (5071ms)">    at stocks maze seller tests (/Users/omarsabha/IdeaProjects/NightWatchAutomation/tests/seller/SellerSmokeTests.js:6:21)</failure>

    
    <error message="no such window: target window already closed
from unknown error: web view not found
  (Session info: chrome=120.0.6099.129)" type="error"><![CDATA[
    NoSuchWindowError: no such window: target window already closed
from unknown error: web view not found
  (Session info: chrome=120.0.6099.129)
    at Object.throwDecodedError (/Users/omarsabha/IdeaProjects/NightWatchAutomation/node_modules/selenium-webdriver/lib/error.js:524:15)
    at parseHttpResponse (/Users/omarsabha/IdeaProjects/NightWatchAutomation/node_modules/selenium-webdriver/lib/http.js:601:13)
    at Executor.execute (/Users/omarsabha/IdeaProjects/NightWatchAutomation/node_modules/selenium-webdriver/lib/http.js:529:28)
    at process.processTicksAndRejections (node:internal/process/task_queues:95:5)
    at async Driver.execute (/Users/omarsabha/IdeaProjects/NightWatchAutomation/node_modules/selenium-webdriver/lib/webdriver.js:745:17)
    at async MethodMappings.getPageTitle (/Users/omarsabha/IdeaProjects/NightWatchAutomation/node_modules/nightwatch/lib/transport/selenium-webdriver/method-mappings.js:216:25)
    at async /Users/omarsabha/IdeaProjects/NightWatchAutomation/node_modules/nightwatch/lib/transport/selenium-webdriver/actions.js:69:18
    ]]></error>
    
    </testcase>
  

  
    <system-err>
       NoSuchElementError
   An element could not be located on the page using the given search parameters.

    Try fixing by :
    1. Please inspect the html before the step
    2. Verify if an element with the mentioned selector is present in the DOM tree

    Error location:
    /Users/omarsabha/IdeaProjects/NightWatchAutomation/tests/TestswithHelperMethods.js:6
    ––––––––––––––––––––––––––––––––––––––––––––––––––––––––––––––––––––––––––––––––––––
     4 | module.exports = {
     5 |     &#39;Login Test&#39;: function(browser) {
     6 |         loginHelper.login(browser, &#39;username&#39;, &#39;password123&#39;); 
     7 |         // Additional test steps...
     8 |     }
    ––––––––––––––––––––––––––––––––––––––––––––––––––––––––––––––––––––––––––––––––––––

 NoSuchWindowError
   no such window: target window already closed
from unknown error: web view not found
  (Session info: chrome=120.0.6099.129)
    </system-err>
  

    

  
  </testsuite>
</testsuites>
