<?xml version="1.0" encoding="UTF-8" ?>
<testsuites errors="1"
            failures="1"
            tests="1">

  <testsuite name="buyer.StocksMazeBuyerTests"
    errors="1" failures="1" hostname="" id="" package="buyer" skipped="0"
    tests="1" time="16.82" timestamp="">
  
    <testcase name="stocks maze tests" classname="buyer.StocksMazeBuyerTests" time="8.408" assertions="2">

      <failure message="Testing if the page title contains &#39;Google&#39; in 5000ms - expected &#34;contains &#39;Google&#39;&#34; but got: &#34;&#34; (5089ms)">    at stocks maze tests (/Users/omarsabha/IdeaProjects/NightWatchAutomation/tests/buyer/StocksMazeBuyerTests.js:6:21)</failure>

    
    <error message="no such window: target window already closed
from unknown error: web view not found
  (Session info: chrome=120.0.6099.129)" type="error"><![CDATA[
    NoSuchWindowError: no such window: target window already closed
from unknown error: web view not found
  (Session info: chrome=120.0.6099.129)
    at Object.throwDecodedError (/Users/omarsabha/IdeaProjects/NightWatchAutomation/node_modules/selenium-webdriver/lib/error.js:524:15)
    at parseHttpResponse (/Users/omarsabha/IdeaProjects/NightWatchAutomation/node_modules/selenium-webdriver/lib/http.js:601:13)
    at Executor.execute (/Users/omarsabha/IdeaProjects/NightWatchAutomation/node_modules/selenium-webdriver/lib/http.js:529:28)
    at process.processTicksAndRejections (node:internal/process/task_queues:95:5)
    at async Driver.execute (/Users/omarsabha/IdeaProjects/NightWatchAutomation/node_modules/selenium-webdriver/lib/webdriver.js:745:17)
    at async MethodMappings.getPageTitle (/Users/omarsabha/IdeaProjects/NightWatchAutomation/node_modules/nightwatch/lib/transport/selenium-webdriver/method-mappings.js:216:25)
    at async /Users/omarsabha/IdeaProjects/NightWatchAutomation/node_modules/nightwatch/lib/transport/selenium-webdriver/actions.js:69:18
    ]]></error>
    
    </testcase>
  

  
    <system-err>
       NoSuchWindowError
   no such window: target window already closed
from unknown error: web view not found
  (Session info: chrome=120.0.6099.129)
    </system-err>
  

    

  
  </testsuite>
</testsuites>
